[INFO] Loaded order from mt50_order.json (len=50)
[INFO] Metaworld Evaluation Begins ...
[Task 4 button-press-topdown-v3] Press a button from the top finished 10 episodes -> success_rate=1.000  (s=10, t=10)
[Task 5 button-press-topdown-wall-v3] Bypass a wall and press a button from the top finished 10 episodes -> success_rate=1.000  (s=10, t=10)
[Task 6 button-press-v3] Press a button finished 10 episodes -> success_rate=1.000  (s=10, t=10)
[Task 7 button-press-wall-v3] Bypass a wall and press a button finished 10 episodes -> success_rate=1.000  (s=10, t=10)
[Task 8 coffee-button-v3] Push a button on the coffee machine finished 10 episodes -> success_rate=1.000  (s=10, t=10)
[Task 11 dial-turn-v3] Rotate a dial 180 degrees finished 10 episodes -> success_rate=0.900  (s=9, t=10)
[Task 13 door-close-v3] Close a door with a revolving joint finished 10 episodes -> success_rate=1.000  (s=10, t=10)
[Task 14 door-lock-v3] Lock the door by rotating the lock clockwise finished 10 episodes -> success_rate=0.700  (s=7, t=10)
[Task 15 door-v3] Open a door with a revolving joint finished 10 episodes -> success_rate=1.000  (s=10, t=10)
[Task 16 door-unlock-v3] Unlock the door by rotating the lock counter-clockwise finished 10 episodes -> success_rate=1.000  (s=10, t=10)
[Task 18 drawer-close-v3] Push and close a drawer finished 10 episodes -> success_rate=1.000  (s=10, t=10)
[Task 19 drawer-open-v3] Open a drawer finished 10 episodes -> success_rate=1.000  (s=10, t=10)
[Task 20 faucet-open-v3] Rotate the faucet counter-clockwise finished 10 episodes -> success_rate=1.000  (s=10, t=10)
[Task 21 faucet-close-v3] Rotate the faucet clockwise finished 10 episodes -> success_rate=0.900  (s=9, t=10)
[Task 23 handle-press-side-v3] Press a handle down sideways finished 10 episodes -> success_rate=1.000  (s=10, t=10)
[Task 24 handle-press-v3] Press a handle down finished 10 episodes -> success_rate=1.000  (s=10, t=10)
[Task 25 handle-pull-side-v3] Pull a handle up sideways finished 10 episodes -> success_rate=0.100  (s=1, t=10)
[Task 26 handle-pull-v3] Pull a handle up finished 10 episodes -> success_rate=0.500  (s=5, t=10)
[Task 27 lever-pull-v3] Pull a lever down 90 degrees finished 10 episodes -> success_rate=0.800  (s=8, t=10)
[Task 31 plate-slide-v3] Slide a plate into a cabinet finished 10 episodes -> success_rate=1.000  (s=10, t=10)
[Task 32 plate-slide-side-v3] Slide a plate into a cabinet sideways finished 10 episodes -> success_rate=1.000  (s=10, t=10)
[Task 33 plate-slide-back-v3] Get a plate from the cabinet finished 10 episodes -> success_rate=1.000  (s=10, t=10)
[Task 34 plate-slide-back-side-v3] Get a plate from the cabinet sideways finished 10 episodes -> success_rate=1.000  (s=10, t=10)
[Task 36 peg-unplug-side-v3] Unplug a peg sideways finished 10 episodes -> success_rate=1.000  (s=10, t=10)
[Task 43 reach-v3] Reach a goal position finished 10 episodes -> success_rate=0.200  (s=2, t=10)
[Task 44 reach-wall-v3] Bypass a wall and reach a goal finished 10 episodes -> success_rate=0.900  (s=9, t=10)
[Task 48 window-open-v3] Push and open a window finished 10 episodes -> success_rate=1.000  (s=10, t=10)
[Task 49 window-close-v3] Push and close a window finished 10 episodes -> success_rate=1.000  (s=10, t=10)
[Task 1 basketball-v3] Dunk the basketball into the basket finished 10 episodes -> success_rate=0.800  (s=8, t=10)
[Task 2 bin-picking-v3] Grasp the puck from one bin and place it into another bin finished 10 episodes -> success_rate=0.900  (s=9, t=10)
[Task 3 box-close-v3] Grasp the cover and close the box with it finished 10 episodes -> success_rate=0.900  (s=9, t=10)
[Task 9 coffee-pull-v3] Pull a mug from a coffee machine finished 10 episodes -> success_rate=1.000  (s=10, t=10)
[Task 10 coffee-push-v3] Push a mug under a coffee machine finished 10 episodes -> success_rate=1.000  (s=10, t=10)
[Task 22 hammer-v3] Hammer a screw on the wall finished 10 episodes -> success_rate=0.400  (s=4, t=10)
[Task 35 peg-insertion-side-v3] Insert a peg sideways finished 10 episodes -> success_rate=0.700  (s=7, t=10)
[Task 37 soccer-v3] Kick a soccer into the goal finished 10 episodes -> success_rate=0.300  (s=3, t=10)
[Task 41 push-wall-v3] Bypass a wall and push a puck to a goal finished 10 episodes -> success_rate=1.000  (s=10, t=10)
[Task 46 sweep-into-goal-v3] Sweep a puck into a hole finished 10 episodes -> success_rate=0.800  (s=8, t=10)
[Task 47 sweep-v3] Sweep a puck off the table finished 10 episodes -> success_rate=0.600  (s=6, t=10)
[Task 0 nut-assembly-v3] Pick up a nut and place it onto a peg finished 10 episodes -> success_rate=0.900  (s=9, t=10)
[Task 17 hand-insert-v3] Insert the gripper into a hole finished 10 episodes -> success_rate=1.000  (s=10, t=10)
[Task 29 pick-out-of-hole-v3] Pick up a puck from a hole finished 10 episodes -> success_rate=0.400  (s=4, t=10)
[Task 30 pick-place-v3] Pick and place a puck to a goal finished 10 episodes -> success_rate=0.500  (s=5, t=10)
[Task 40 push-v3] Push the puck to a goal finished 10 episodes -> success_rate=1.000  (s=10, t=10)
[Task 42 push-back-v3] Push the puck back to a goal finished 10 episodes -> success_rate=0.700  (s=7, t=10)
[Task 12 nut-disassemble-v3] Pick a nut out of a peg finished 10 episodes -> success_rate=0.800  (s=8, t=10)
[Task 28 pick-place-wall-v3] Pick a puck, bypass a wall and place the puck finished 10 episodes -> success_rate=0.900  (s=9, t=10)
[Task 38 stick-push-v3] Grasp a stick and push a box using the stick finished 10 episodes -> success_rate=1.000  (s=10, t=10)
[Task 39 stick-pull-v3] Grasp a stick and pull a box with the stick finished 10 episodes -> success_rate=0.800  (s=8, t=10)
[Task 45 shelf-place-v3] Pick and place a puck onto a shelf finished 10 episodes -> success_rate=0.600  (s=6, t=10)

==== Evaluation Log ====
Log file: logs/mt50_20260426_182216.txt
Target difficulty: all
Server URL: ws://127.0.0.1:9100
Episodes per task: 10
Episode horizon: 400
HORIZON: 15
Seed: 4042

==== Per-task success rate ====
button-press-topdown-v3   1.000
button-press-topdown-wall-v3  1.000
button-press-v3           1.000
button-press-wall-v3      1.000
coffee-button-v3          1.000
dial-turn-v3              0.900
door-close-v3             1.000
door-lock-v3              0.700
door-v3                   1.000
door-unlock-v3            1.000
drawer-close-v3           1.000
drawer-open-v3            1.000
faucet-open-v3            1.000
faucet-close-v3           0.900
handle-press-side-v3      1.000
handle-press-v3           1.000
handle-pull-side-v3       0.100
handle-pull-v3            0.500
lever-pull-v3             0.800
plate-slide-v3            1.000
plate-slide-side-v3       1.000
plate-slide-back-v3       1.000
plate-slide-back-side-v3  1.000
peg-unplug-side-v3        1.000
reach-v3                  0.200
reach-wall-v3             0.900
window-open-v3            1.000
window-close-v3           1.000
basketball-v3             0.800
bin-picking-v3            0.900
box-close-v3              0.900
coffee-pull-v3            1.000
coffee-push-v3            1.000
hammer-v3                 0.400
peg-insertion-side-v3     0.700
soccer-v3                 0.300
push-wall-v3              1.000
sweep-into-goal-v3        0.800
sweep-v3                  0.600
nut-assembly-v3           0.900
hand-insert-v3            1.000
pick-out-of-hole-v3       0.400
pick-place-v3             0.500
push-v3                   1.000
push-back-v3              0.700
nut-disassemble-v3        0.800
pick-place-wall-v3        0.900
stick-push-v3             1.000
stick-pull-v3             0.800
shelf-place-v3            0.600

==== Difficulty buckets ====
easy      : 0.893
medium    : 0.764
hard      : 0.750
very_hard : 0.820

==== Overall Average as Success Rate ====
0.807
